2023-05-09 19:54:55.332 | INFO     | ths_trader:__init__:52 - 进入同花顺__网上股票交易系统5.0
2023-05-09 19:54:55.334 | INFO     | ths_trader:__init__:55 - 交易应用已存在,准备开始交易
2023-05-09 19:54:56.286 | INFO     | __main__:kzz_trade:67 - =====================================================================================
2023-05-09 19:54:56.287 | INFO     | __main__:kzz_trade:68 - 开始交易，当前实时行情信息:
Pandas(Index=4, 债券代码='128132', 债券名称='交建转债', 涨跌幅=4.37, 最新价=134.8, 最高=138.708, 最低=128.827, 今开=129.0, 涨跌额=5.64, 换手率=87.56, 量比=2.77, 动态市盈率='-', 成交量=743060, 成交额=1001100272.463, 昨日收盘=129.16, 总市值=1143929515, 流通市值=1143929515, 行情ID='0.128132', 市场类型='深A', 更新时间='2023-05-09 15:34:39', 最新交易日='2023-05-09')
2023-05-09 19:55:00.871 | INFO     | __main__:kzz_trade:70 - 交易完成！
2023-05-09 19:55:00.872 | INFO     | __main__:kzz_trade:73 - 通知：在[2023-05-09 19:55:00.872532]时委托下单，以市价[134.8][4.37]涨幅买入[交建转债][128132]股票[80]手
2023-05-09 19:55:01.325 | INFO     | message:send_dingding_msg:44 - 发送钉钉消息成功,结果：{"errcode":0,"errmsg":"ok"}
2023-05-09 19:55:01.326 | INFO     | __main__:kzz_trade:75 - =====================================================================================
2023-05-09 19:55:04.505 | INFO     | __main__:kzz_trade:67 - =====================================================================================
2023-05-09 19:55:04.506 | INFO     | __main__:kzz_trade:68 - 开始交易，当前实时行情信息:
Pandas(Index=5, 债券代码='113646', 债券名称='永吉转债', 涨跌幅=3.45, 最新价=156.431, 最高=159.9, 最低=147.542, 今开=151.9, 涨跌额=5.223, 换手率=371.75, 量比=3.72, 动态市盈率='-', 成交量=541371, 成交额=839306747.0, 昨日收盘=151.208, 总市值='-', 流通市值=227804364, 行情ID='1.113646', 市场类型='沪A', 更新时间='2023-05-09 16:11:46', 最新交易日='2023-05-09')
2023-05-09 19:55:09.058 | INFO     | __main__:kzz_trade:70 - 交易完成！
2023-05-09 19:55:09.059 | INFO     | __main__:kzz_trade:73 - 通知：在[2023-05-09 19:55:09.059625]时委托下单，以市价[156.431][3.45]涨幅买入[永吉转债][113646]股票[80]手
2023-05-09 19:55:09.317 | INFO     | message:send_dingding_msg:44 - 发送钉钉消息成功,结果：{"errcode":0,"errmsg":"ok"}
2023-05-09 19:55:09.317 | INFO     | __main__:kzz_trade:75 - =====================================================================================
2023-05-09 19:55:12.606 | INFO     | __main__:kzz_trade:67 - =====================================================================================
2023-05-09 19:55:12.606 | INFO     | __main__:kzz_trade:68 - 开始交易，当前实时行情信息:
Pandas(Index=6, 债券代码='127071', 债券名称='天箭转债', 涨跌幅=3.43, 最新价=125.85, 最高=127.855, 最低=121.214, 今开=121.613, 涨跌额=4.177, 换手率=52.19, 量比=14.21, 动态市盈率='-', 成交量=258310, 成交额=324917152.013, 昨日收盘=121.673, 总市值=622909048, 流通市值=622909048, 行情ID='0.127071', 市场类型='深A', 更新时间='2023-05-09 15:34:51', 最新交易日='2023-05-09')
2023-05-09 19:55:17.165 | INFO     | __main__:kzz_trade:70 - 交易完成！
2023-05-09 19:55:17.166 | INFO     | __main__:kzz_trade:73 - 通知：在[2023-05-09 19:55:17.166580]时委托下单，以市价[125.85][3.43]涨幅买入[天箭转债][127071]股票[80]手
2023-05-09 19:55:17.400 | INFO     | message:send_dingding_msg:44 - 发送钉钉消息成功,结果：{"errcode":0,"errmsg":"ok"}
2023-05-09 19:55:17.400 | INFO     | __main__:kzz_trade:75 - =====================================================================================
