2023-05-12 09:26:38.215 | INFO     | ths_trader:__init__:51 - 进入同花顺__网上股票交易系统5.0
2023-05-12 09:26:38.216 | INFO     | ths_trader:__init__:54 - 交易应用已存在,准备开始交易
2023-05-12 09:26:38.940 | INFO     | util.date_util:in_trading_time:19 - 当前时间不在合法的交易时间内，请稍后再试
2023-05-12 09:31:01.006 | INFO     | __main__:buy_kzz:64 - =====================================================================================
2023-05-12 09:31:01.007 | INFO     | __main__:buy_kzz:65 - 开始买入，当前kzz实时行情信息:
Pandas(Index=3, 债券代码='123176', 债券名称='精测转2', 涨跌幅=4.08, 最新价=174.742, 最高=174.876, 最低=171.9, 今开=173.2, 涨跌额=6.852, 换手率=1.49, 量比=6.91, 动态市盈率='-', 成交量=18975, 成交额=32982441.584, 昨日收盘=167.89, 总市值=2229707920, 流通市值=2229707920, 行情ID='0.123176', 市场类型='深A', 更新时间='2023-05-12 09:31:00', 最新交易日='2023-05-12')
2023-05-12 09:31:04.840 | INFO     | __main__:buy_kzz:67 - 交易完成！
2023-05-12 09:31:04.851 | INFO     | __main__:buy_kzz:71 - 通知：在[2023-05-12 09:31:01.006543]时委托下单，以市价[174.742][4.08]涨幅买入[精测转2][123176]股票
2023-05-12 09:31:05.384 | INFO     | message:send_dingding_msg:48 - 发送钉钉消息成功,结果：{"errcode":0,"errmsg":"ok"}
2023-05-12 09:31:05.385 | INFO     | __main__:buy_kzz:73 - =====================================================================================
2023-05-12 09:31:43.688 | INFO     | __main__:buy_kzz:64 - =====================================================================================
2023-05-12 09:31:43.689 | INFO     | __main__:buy_kzz:65 - 开始买入，当前kzz实时行情信息:
Pandas(Index=2, 债券代码='123191', 债券名称='智尚转债', 涨跌幅=3.57, 最新价=172.954, 最高=173.0, 最低=165.0, 今开=167.0, 涨跌额=5.954, 换手率=6.58, 量比=6.48, 动态市盈率='-', 成交量=46007, 成交额=77731775.898, 昨日收盘=167.0, 总市值=1209951593, 流通市值=1209951593, 行情ID='0.123191', 市场类型='深A', 更新时间='2023-05-12 09:31:42', 最新交易日='2023-05-12')
2023-05-12 09:31:47.481 | INFO     | __main__:buy_kzz:67 - 交易完成！
2023-05-12 09:31:47.488 | INFO     | __main__:buy_kzz:71 - 通知：在[2023-05-12 09:31:43.688877]时委托下单，以市价[172.954][3.57]涨幅买入[智尚转债][123191]股票
2023-05-12 09:31:47.698 | INFO     | message:send_dingding_msg:48 - 发送钉钉消息成功,结果：{"errcode":0,"errmsg":"ok"}
2023-05-12 09:31:47.698 | INFO     | __main__:buy_kzz:73 - =====================================================================================
2023-05-12 09:35:29.889 | INFO     | __main__:buy_kzz:64 - =====================================================================================
2023-05-12 09:35:29.889 | INFO     | __main__:buy_kzz:65 - 开始买入，当前kzz实时行情信息:
Pandas(Index=3, 债券代码='128114', 债券名称='正邦转债', 涨跌幅=4.69, 最新价=65.537, 最高=65.604, 最低=63.11, 今开=65.11, 涨跌额=2.933, 换手率=8.45, 量比=13.28, 动态市盈率='-', 成交量=100510, 成交额=64641715.073, 昨日收盘=62.604, 总市值=779682220, 流通市值=779686152, 行情ID='0.128114', 市场类型='深A', 更新时间='2023-05-12 09:35:27', 最新交易日='2023-05-12')
2023-05-12 09:35:33.932 | INFO     | __main__:buy_kzz:67 - 交易完成！
2023-05-12 09:35:33.939 | INFO     | __main__:buy_kzz:71 - 通知：在[2023-05-12 09:35:29.889575]时委托下单，以市价[65.537][4.69]涨幅买入[正邦转债][128114]股票
2023-05-12 09:35:34.374 | INFO     | message:send_dingding_msg:48 - 发送钉钉消息成功,结果：{"errcode":0,"errmsg":"ok"}
2023-05-12 09:35:34.375 | INFO     | __main__:buy_kzz:73 - =====================================================================================
2023-05-12 09:38:26.244 | INFO     | __main__:buy_kzz:64 - =====================================================================================
2023-05-12 09:38:26.244 | INFO     | __main__:buy_kzz:65 - 开始买入，当前kzz实时行情信息:
Pandas(Index=4, 债券代码='110068', 债券名称='龙净转债', 涨跌幅=3.31, 最新价=164.17, 最高=164.383, 最低=158.1, 今开=158.1, 涨跌额=5.266, 换手率=2.83, 量比=9.13, 动态市盈率='-', 成交量=53136, 成交额=86026190.0, 昨日收盘=158.904, 总市值='-', 流通市值=3079770263, 行情ID='1.110068', 市场类型='沪A', 更新时间='2023-05-12 09:38:24', 最新交易日='2023-05-12')
2023-05-12 09:38:30.042 | INFO     | __main__:buy_kzz:67 - 交易完成！
2023-05-12 09:38:30.049 | INFO     | __main__:buy_kzz:71 - 通知：在[2023-05-12 09:38:26.244205]时委托下单，以市价[164.17][3.31]涨幅买入[龙净转债][110068]股票
2023-05-12 09:38:30.345 | INFO     | message:send_dingding_msg:48 - 发送钉钉消息成功,结果：{"errcode":0,"errmsg":"ok"}
2023-05-12 09:38:30.345 | INFO     | __main__:buy_kzz:73 - =====================================================================================
2023-05-12 09:43:31.445 | INFO     | __main__:buy_kzz:64 - =====================================================================================
2023-05-12 09:43:31.446 | INFO     | __main__:buy_kzz:65 - 开始买入，当前kzz实时行情信息:
Pandas(Index=4, 债券代码='113527', 债券名称='维格转债', 涨跌幅=3.36, 最新价=139.6, 最高=139.6, 最低=133.654, 今开=135.07, 涨跌额=4.541, 换手率=12.8, 量比=7.32, 动态市盈率='-', 成交量=36648, 成交额=50328203.0, 昨日收盘=135.059, 总市值='-', 流通市值=399603744, 行情ID='1.113527', 市场类型='沪A', 更新时间='2023-05-12 09:43:29', 最新交易日='2023-05-12')
2023-05-12 09:43:35.296 | INFO     | __main__:buy_kzz:67 - 交易完成！
2023-05-12 09:43:35.303 | INFO     | __main__:buy_kzz:71 - 通知：在[2023-05-12 09:43:31.445880]时委托下单，以市价[139.6][3.36]涨幅买入[维格转债][113527]股票
2023-05-12 09:43:35.878 | INFO     | message:send_dingding_msg:48 - 发送钉钉消息成功,结果：{"errcode":0,"errmsg":"ok"}
2023-05-12 09:43:35.878 | INFO     | __main__:buy_kzz:73 - =====================================================================================
