2023-05-11 00:01:25.122 | INFO     | ths_trader:__init__:51 - 进入同花顺__网上股票交易系统5.0
2023-05-11 00:01:25.123 | INFO     | ths_trader:__init__:54 - 交易应用已存在,准备开始交易
2023-05-11 00:01:26.260 | INFO     | __main__:buy_kzz:70 - =====================================================================================
2023-05-11 00:01:26.261 | INFO     | __main__:buy_kzz:71 - 开始交易，当前kzz实时行情信息:
Pandas(Index=5, 债券代码='128111', 债券名称='中矿转债', 涨跌幅=4.88, 最新价=548.5, 最高=557.48, 最低=524.938, 今开=527.0, 涨跌额=25.5, 换手率=315.29, 量比=3.83, 动态市盈率='-', 成交量=346805, 成交额=1890867002.538, 昨日收盘=523.0, 总市值=603322027, 流通市值=603322027, 行情ID='0.128111', 市场类型='深A', 更新时间='2023-05-10 15:35:00', 最新交易日='2023-05-10')
2023-05-11 00:01:30.374 | INFO     | __main__:buy_kzz:73 - 交易完成！
2023-05-11 00:01:30.374 | INFO     | __main__:buy_kzz:77 - 通知：在[2023-05-11 00:01:30.374568]时委托下单，以市价[548.5][4.88]涨幅买入[中矿转债][128111]股票[80]手
2023-05-11 00:01:30.710 | INFO     | message:send_dingding_msg:44 - 发送钉钉消息成功,结果：{"errcode":0,"errmsg":"ok"}
2023-05-11 00:01:30.710 | INFO     | __main__:buy_kzz:79 - =====================================================================================
2023-05-11 00:01:34.919 | INFO     | __main__:buy_kzz:70 - =====================================================================================
2023-05-11 00:01:34.919 | INFO     | __main__:buy_kzz:71 - 开始交易，当前kzz实时行情信息:
Pandas(Index=6, 债券代码='127065', 债券名称='瑞鹄转债', 涨跌幅=4.18, 最新价=154.799, 最高=159.98, 最低=148.685, 今开=150.88, 涨跌额=6.209, 换手率=124.3, 量比=9.0, 动态市盈率='-', 成交量=545947, 成交额=848296960.257, 昨日收盘=148.59, 总市值=679896248, 流通市值=679896248, 行情ID='0.127065', 市场类型='深A', 更新时间='2023-05-10 15:35:03', 最新交易日='2023-05-10')
2023-05-11 00:01:39.033 | INFO     | __main__:buy_kzz:73 - 交易完成！
2023-05-11 00:01:39.033 | INFO     | __main__:buy_kzz:77 - 通知：在[2023-05-11 00:01:39.033351]时委托下单，以市价[154.799][4.18]涨幅买入[瑞鹄转债][127065]股票[80]手
2023-05-11 00:01:39.351 | INFO     | message:send_dingding_msg:44 - 发送钉钉消息成功,结果：{"errcode":0,"errmsg":"ok"}
2023-05-11 00:01:39.351 | INFO     | __main__:buy_kzz:79 - =====================================================================================
2023-05-11 00:01:43.529 | INFO     | __main__:buy_kzz:70 - =====================================================================================
2023-05-11 00:01:43.529 | INFO     | __main__:buy_kzz:71 - 开始交易，当前kzz实时行情信息:
Pandas(Index=7, 债券代码='113537', 债券名称='文灿转债', 涨跌幅=3.89, 最新价=226.26, 最高=228.417, 最低=215.0, 今开=217.65, 涨跌额=8.464, 换手率=138.0, 量比=2.38, 动态市盈率='-', 成交量=170301, 成交额=379416946.0, 昨日收盘=217.796, 总市值='-', 流通市值=279223167, 行情ID='1.113537', 市场类型='沪A', 更新时间='2023-05-10 16:11:37', 最新交易日='2023-05-10')
2023-05-11 00:01:47.566 | INFO     | __main__:buy_kzz:73 - 交易完成！
2023-05-11 00:01:47.567 | INFO     | __main__:buy_kzz:77 - 通知：在[2023-05-11 00:01:47.567020]时委托下单，以市价[226.26][3.89]涨幅买入[文灿转债][113537]股票[80]手
2023-05-11 00:01:47.776 | INFO     | message:send_dingding_msg:44 - 发送钉钉消息成功,结果：{"errcode":0,"errmsg":"ok"}
2023-05-11 00:01:47.777 | INFO     | __main__:buy_kzz:79 - =====================================================================================
2023-05-11 00:01:51.948 | INFO     | __main__:buy_kzz:70 - =====================================================================================
2023-05-11 00:01:51.948 | INFO     | __main__:buy_kzz:71 - 开始交易，当前kzz实时行情信息:
Pandas(Index=8, 债券代码='111000', 债券名称='起帆转债', 涨跌幅=3.88, 最新价=136.082, 最高=138.01, 最低=130.626, 今开=130.829, 涨跌额=5.078, 换手率=13.75, 量比=3.01, 动态市盈率='-', 成交量=137429, 成交额=185820917.0, 昨日收盘=131.004, 总市值='-', 流通市值=1359829323, 行情ID='1.111000', 市场类型='沪A', 更新时间='2023-05-10 16:11:37', 最新交易日='2023-05-10')
2023-05-11 00:01:56.082 | INFO     | __main__:buy_kzz:73 - 交易完成！
2023-05-11 00:01:56.083 | INFO     | __main__:buy_kzz:77 - 通知：在[2023-05-11 00:01:56.083255]时委托下单，以市价[136.082][3.88]涨幅买入[起帆转债][111000]股票[80]手
2023-05-11 00:01:56.295 | INFO     | message:send_dingding_msg:44 - 发送钉钉消息成功,结果：{"errcode":0,"errmsg":"ok"}
2023-05-11 00:01:56.296 | INFO     | __main__:buy_kzz:79 - =====================================================================================
2023-05-11 00:02:00.470 | INFO     | __main__:buy_kzz:70 - =====================================================================================
2023-05-11 00:02:00.471 | INFO     | __main__:buy_kzz:71 - 开始交易，当前kzz实时行情信息:
Pandas(Index=9, 债券代码='123173', 债券名称='恒锋转债', 涨跌幅=3.76, 最新价=146.1, 最高=147.88, 最低=140.01, 今开=140.7, 涨跌额=5.3, 换手率=135.16, 量比=3.41, 动态市盈率='-', 成交量=327677, 成交额=474359084.786, 昨日收盘=140.8, 总市值=354198558, 流通市值=354198558, 行情ID='0.123173', 市场类型='深A', 更新时间='2023-05-10 15:34:21', 最新交易日='2023-05-10')
2023-05-11 00:02:04.606 | INFO     | __main__:buy_kzz:73 - 交易完成！
2023-05-11 00:02:04.607 | INFO     | __main__:buy_kzz:77 - 通知：在[2023-05-11 00:02:04.607858]时委托下单，以市价[146.1][3.76]涨幅买入[恒锋转债][123173]股票[80]手
2023-05-11 00:02:04.911 | INFO     | message:send_dingding_msg:44 - 发送钉钉消息成功,结果：{"errcode":0,"errmsg":"ok"}
2023-05-11 00:02:04.911 | INFO     | __main__:buy_kzz:79 - =====================================================================================
