2023-05-11 23:20:15.042 | INFO     | ths_trader:__init__:51 - 进入同花顺__网上股票交易系统5.0
2023-05-11 23:20:15.044 | INFO     | ths_trader:__init__:54 - 交易应用已存在,准备开始交易
2023-05-11 23:20:15.800 | INFO     | __main__:buy_kzz:64 - =====================================================================================
2023-05-11 23:20:15.801 | INFO     | __main__:buy_kzz:65 - 开始买入交易，当前kzz实时行情信息:
Pandas(Index=3, 债券代码='110068', 债券名称='龙净转债', 涨跌幅=5.16, 最新价=158.904, 最高=163.999, 最低=148.63, 今开=150.6, 涨跌额=7.793, 换手率=19.59, 量比=3.98, 动态市盈率='-', 成交量=367492, 成交额=579290704.0, 昨日收盘=151.111, 总市值='-', 流通市值=2980986761, 行情ID='1.110068', 市场类型='沪A', 更新时间='2023-05-11 16:11:49', 最新交易日='2023-05-11')
2023-05-11 23:20:19.895 | INFO     | __main__:buy_kzz:67 - 交易完成！
2023-05-11 23:20:19.896 | INFO     | __main__:buy_kzz:71 - 通知：在[2023-05-11 23:20:19.896368]时委托下单，以市价[158.904][5.16]涨幅买入[龙净转债][110068]股票
2023-05-11 23:20:20.150 | INFO     | message:send_dingding_msg:44 - 发送钉钉消息成功,结果：{"errcode":0,"errmsg":"ok"}
2023-05-11 23:20:20.151 | INFO     | __main__:buy_kzz:73 - =====================================================================================
2023-05-11 23:20:26.797 | INFO     | __main__:buy_kzz:64 - =====================================================================================
2023-05-11 23:20:26.798 | INFO     | __main__:buy_kzz:65 - 开始买入交易，当前kzz实时行情信息:
Pandas(Index=4, 债券代码='118021', 债券名称='新致转债', 涨跌幅=4.25, 最新价=147.97, 最高=156.558, 最低=144.35, 今开=144.35, 涨跌额=6.029, 换手率=271.95, 量比=9.62, 动态市盈率='-', 成交量=1318418, 成交额=1993744586.0, 昨日收盘=141.941, 总市值='-', 流通市值=717361519, 行情ID='1.118021', 市场类型='沪A', 更新时间='2023-05-11 16:11:25', 最新交易日='2023-05-11')
2023-05-11 23:20:32.578 | INFO     | __main__:buy_kzz:67 - 交易完成！
2023-05-11 23:20:32.579 | INFO     | __main__:buy_kzz:71 - 通知：在[2023-05-11 23:20:32.579399]时委托下单，以市价[147.97][4.25]涨幅买入[新致转债][118021]股票
2023-05-11 23:20:32.792 | INFO     | message:send_dingding_msg:44 - 发送钉钉消息成功,结果：{"errcode":0,"errmsg":"ok"}
2023-05-11 23:20:32.793 | INFO     | __main__:buy_kzz:73 - =====================================================================================
2023-05-11 23:20:34.969 | INFO     | __main__:buy_kzz:64 - =====================================================================================
2023-05-11 23:20:34.970 | INFO     | __main__:buy_kzz:65 - 开始买入交易，当前kzz实时行情信息:
Pandas(Index=5, 债券代码='123161', 债券名称='强联转债', 涨跌幅=3.88, 最新价=118.0, 最高=119.444, 最低=115.7, 今开=116.0, 涨跌额=4.402, 换手率=21.01, 量比=14.05, 动态市盈率='-', 成交量=254223, 成交额=299043368.956, 昨日收盘=113.598, 总市值=1427777698, 流通市值=1427777698, 行情ID='0.123161', 市场类型='深A', 更新时间='2023-05-11 15:34:42', 最新交易日='2023-05-11')
2023-05-11 23:20:40.847 | INFO     | __main__:buy_kzz:67 - 交易完成！
2023-05-11 23:20:40.848 | INFO     | __main__:buy_kzz:71 - 通知：在[2023-05-11 23:20:40.848503]时委托下单，以市价[118.0][3.88]涨幅买入[强联转债][123161]股票
2023-05-11 23:20:41.078 | INFO     | message:send_dingding_msg:44 - 发送钉钉消息成功,结果：{"errcode":0,"errmsg":"ok"}
2023-05-11 23:20:41.078 | INFO     | __main__:buy_kzz:73 - =====================================================================================
