2023-05-12 00:52:15.947 | INFO     | ths_trader:__init__:51 - 进入同花顺__网上股票交易系统5.0
2023-05-12 00:52:15.949 | INFO     | ths_trader:__init__:54 - 交易应用已存在,准备开始交易
2023-05-12 00:52:16.810 | INFO     | __main__:buy_kzz:64 - =====================================================================================
2023-05-12 00:52:16.811 | INFO     | __main__:buy_kzz:65 - 开始买入，当前kzz实时行情信息:
Pandas(Index=3, 债券代码='110068', 债券名称='龙净转债', 涨跌幅=5.16, 最新价=158.904, 最高=163.999, 最低=148.63, 今开=150.6, 涨跌额=7.793, 换手率=19.59, 量比=3.98, 动态市盈率='-', 成交量=367492, 成交额=579290704.0, 昨日收盘=151.111, 总市值='-', 流通市值=2980986761, 行情ID='1.110068', 市场类型='沪A', 更新时间='2023-05-11 16:11:49', 最新交易日='2023-05-11')
2023-05-12 00:52:20.692 | INFO     | __main__:buy_kzz:67 - 交易完成！
2023-05-12 00:52:20.701 | INFO     | __main__:buy_kzz:71 - 通知：在[2023-05-12 00:52:16.810299]时委托下单，以市价[158.904][5.16]涨幅买入[龙净转债][110068]股票
2023-05-12 00:52:21.083 | INFO     | message:send_dingding_msg:44 - 发送钉钉消息成功,结果：{"errcode":0,"errmsg":"ok"}
2023-05-12 00:52:21.083 | INFO     | __main__:buy_kzz:73 - =====================================================================================
2023-05-12 00:52:23.329 | INFO     | __main__:buy_kzz:64 - =====================================================================================
2023-05-12 00:52:23.329 | INFO     | __main__:buy_kzz:65 - 开始买入，当前kzz实时行情信息:
Pandas(Index=4, 债券代码='118021', 债券名称='新致转债', 涨跌幅=4.25, 最新价=147.97, 最高=156.558, 最低=144.35, 今开=144.35, 涨跌额=6.029, 换手率=271.95, 量比=9.62, 动态市盈率='-', 成交量=1318418, 成交额=1993744586.0, 昨日收盘=141.941, 总市值='-', 流通市值=717361519, 行情ID='1.118021', 市场类型='沪A', 更新时间='2023-05-11 16:11:25', 最新交易日='2023-05-11')
2023-05-12 00:52:27.360 | INFO     | __main__:buy_kzz:67 - 交易完成！
2023-05-12 00:52:27.370 | INFO     | __main__:buy_kzz:71 - 通知：在[2023-05-12 00:52:23.329041]时委托下单，以市价[147.97][4.25]涨幅买入[新致转债][118021]股票
2023-05-12 00:52:27.622 | INFO     | message:send_dingding_msg:44 - 发送钉钉消息成功,结果：{"errcode":0,"errmsg":"ok"}
2023-05-12 00:52:27.623 | INFO     | __main__:buy_kzz:73 - =====================================================================================
2023-05-12 00:52:29.858 | INFO     | __main__:buy_kzz:64 - =====================================================================================
2023-05-12 00:52:29.858 | INFO     | __main__:buy_kzz:65 - 开始买入，当前kzz实时行情信息:
Pandas(Index=5, 债券代码='123161', 债券名称='强联转债', 涨跌幅=3.88, 最新价=118.0, 最高=119.444, 最低=115.7, 今开=116.0, 涨跌额=4.402, 换手率=21.01, 量比=14.05, 动态市盈率='-', 成交量=254223, 成交额=299043368.956, 昨日收盘=113.598, 总市值=1427777698, 流通市值=1427777698, 行情ID='0.123161', 市场类型='深A', 更新时间='2023-05-11 15:34:42', 最新交易日='2023-05-11')
2023-05-12 00:52:33.883 | INFO     | __main__:buy_kzz:67 - 交易完成！
2023-05-12 00:52:33.893 | INFO     | __main__:buy_kzz:71 - 通知：在[2023-05-12 00:52:29.858909]时委托下单，以市价[118.0][3.88]涨幅买入[强联转债][123161]股票
2023-05-12 00:52:34.123 | INFO     | message:send_dingding_msg:44 - 发送钉钉消息成功,结果：{"errcode":0,"errmsg":"ok"}
2023-05-12 00:52:34.123 | INFO     | __main__:buy_kzz:73 - =====================================================================================
2023-05-12 00:52:36.341 | INFO     | __main__:buy_kzz:64 - =====================================================================================
2023-05-12 00:52:36.342 | INFO     | __main__:buy_kzz:65 - 开始买入，当前kzz实时行情信息:
Pandas(Index=6, 债券代码='123188', 债券名称='水羊转债', 涨跌幅=3.83, 最新价=142.3, 最高=143.8, 最低=135.606, 今开=137.0, 涨跌额=5.25, 换手率=22.52, 量比=1.57, 动态市盈率='-', 成交量=156502, 成交额=220561013.946, 昨日收盘=137.05, 总市值=988966501, 流通市值=988966501, 行情ID='0.123188', 市场类型='深A', 更新时间='2023-05-11 15:35:00', 最新交易日='2023-05-11')
2023-05-12 00:52:40.354 | INFO     | __main__:buy_kzz:67 - 交易完成！
2023-05-12 00:52:40.364 | INFO     | __main__:buy_kzz:71 - 通知：在[2023-05-12 00:52:36.341025]时委托下单，以市价[142.3][3.83]涨幅买入[水羊转债][123188]股票
2023-05-12 00:52:40.563 | INFO     | message:send_dingding_msg:44 - 发送钉钉消息成功,结果：{"errcode":0,"errmsg":"ok"}
2023-05-12 00:52:40.563 | INFO     | __main__:buy_kzz:73 - =====================================================================================
2023-05-12 00:52:42.732 | INFO     | __main__:buy_kzz:64 - =====================================================================================
2023-05-12 00:52:42.733 | INFO     | __main__:buy_kzz:65 - 开始买入，当前kzz实时行情信息:
Pandas(Index=7, 债券代码='113663', 债券名称='新化转债', 涨跌幅=3.54, 最新价=129.48, 最高=134.5, 最低=124.809, 今开=125.0, 涨跌额=4.431, 换手率=40.17, 量比=19.07, 动态市盈率='-', 成交量=261089, 成交额=341338357.0, 昨日收盘=125.049, 总市值='-', 流通市值=841620000, 行情ID='1.113663', 市场类型='沪A', 更新时间='2023-05-11 16:11:58', 最新交易日='2023-05-11')
2023-05-12 00:52:46.721 | INFO     | __main__:buy_kzz:67 - 交易完成！
2023-05-12 00:52:46.731 | INFO     | __main__:buy_kzz:71 - 通知：在[2023-05-12 00:52:42.732166]时委托下单，以市价[129.48][3.54]涨幅买入[新化转债][113663]股票
2023-05-12 00:52:46.933 | INFO     | message:send_dingding_msg:44 - 发送钉钉消息成功,结果：{"errcode":0,"errmsg":"ok"}
2023-05-12 00:52:46.933 | INFO     | __main__:buy_kzz:73 - =====================================================================================
2023-05-12 00:52:49.286 | INFO     | __main__:buy_kzz:64 - =====================================================================================
2023-05-12 00:52:49.286 | INFO     | __main__:buy_kzz:65 - 开始买入，当前kzz实时行情信息:
Pandas(Index=8, 债券代码='128095', 债券名称='恩捷转债', 涨跌幅=3.44, 最新价=186.299, 最高=188.602, 最低=178.45, 今开=179.854, 涨跌额=6.199, 换手率=68.35, 量比=1.83, 动态市盈率='-', 成交量=310112, 成交额=573786226.946, 昨日收盘=180.1, 总市值=845259428, 流通市值=845259428, 行情ID='0.128095', 市场类型='深A', 更新时间='2023-05-11 15:34:21', 最新交易日='2023-05-11')
2023-05-12 00:52:58.028 | INFO     | __main__:buy_kzz:67 - 交易完成！
2023-05-12 00:52:58.043 | INFO     | __main__:buy_kzz:71 - 通知：在[2023-05-12 00:52:49.286808]时委托下单，以市价[186.299][3.44]涨幅买入[恩捷转债][128095]股票
2023-05-12 00:52:58.456 | INFO     | message:send_dingding_msg:44 - 发送钉钉消息成功,结果：{"errcode":0,"errmsg":"ok"}
2023-05-12 00:52:58.456 | INFO     | __main__:buy_kzz:73 - =====================================================================================
