2023-05-10 09:26:23.283 | INFO     | ths_trader:__init__:52 - 进入同花顺__网上股票交易系统5.0
2023-05-10 09:26:23.285 | INFO     | ths_trader:__init__:55 - 交易应用已存在,准备开始交易
2023-05-10 09:26:24.065 | INFO     | util.date_util:in_trading_time:19 - 当前时间不在合法的交易时间内，请稍后再试
2023-05-10 09:31:30.352 | INFO     | __main__:kzz_trade:67 - =====================================================================================
2023-05-10 09:31:30.352 | INFO     | __main__:kzz_trade:68 - 开始交易，当前kzz实时行情信息:
Pandas(Index=2, 债券代码='123116', 债券名称='万兴转债', 涨跌幅=3.08, 最新价=296.155, 最高=297.394, 最低=288.576, 今开=288.576, 涨跌额=8.855, 换手率=25.68, 量比=2.61, 动态市盈率='-', 成交量=48538, 成交额=142965233.802, 昨日收盘=287.3, 总市值=547124151, 流通市值=559724658, 行情ID='0.123116', 市场类型='深A', 更新时间='2023-05-10 09:31:27', 最新交易日='2023-05-10')
2023-05-10 09:31:34.498 | INFO     | __main__:kzz_trade:70 - 交易完成！
2023-05-10 09:31:34.499 | INFO     | __main__:kzz_trade:73 - 通知：在[2023-05-10 09:31:34.499148]时委托下单，以市价[296.155][3.08]涨幅买入[万兴转债][123116]股票[80]手
2023-05-10 09:31:34.884 | INFO     | message:send_dingding_msg:44 - 发送钉钉消息成功,结果：{"errcode":0,"errmsg":"ok"}
2023-05-10 09:31:34.885 | INFO     | __main__:kzz_trade:75 - =====================================================================================
2023-05-10 09:32:11.904 | INFO     | __main__:kzz_trade:67 - =====================================================================================
2023-05-10 09:32:11.905 | INFO     | __main__:kzz_trade:68 - 开始交易，当前kzz实时行情信息:
Pandas(Index=2, 债券代码='118021', 债券名称='新致转债', 涨跌幅=3.3, 最新价=146.031, 最高=146.1, 最低=140.636, 今开=140.888, 涨跌额=4.668, 换手率=2.0, 量比=10.05, 动态市盈率='-', 成交量=9696, 成交额=13959417.0, 昨日收盘=141.363, 总市值='-', 流通市值=707961209, 行情ID='1.118021', 市场类型='沪A', 更新时间='2023-05-10 09:32:09', 最新交易日='2023-05-10')
2023-05-10 09:32:16.025 | INFO     | __main__:kzz_trade:70 - 交易完成！
2023-05-10 09:32:16.026 | INFO     | __main__:kzz_trade:73 - 通知：在[2023-05-10 09:32:16.026342]时委托下单，以市价[146.031][3.3]涨幅买入[新致转债][118021]股票[80]手
2023-05-10 09:32:16.242 | INFO     | message:send_dingding_msg:44 - 发送钉钉消息成功,结果：{"errcode":0,"errmsg":"ok"}
2023-05-10 09:32:16.242 | INFO     | __main__:kzz_trade:75 - =====================================================================================
2023-05-10 09:33:03.703 | INFO     | __main__:kzz_trade:67 - =====================================================================================
2023-05-10 09:33:03.704 | INFO     | __main__:kzz_trade:68 - 开始交易，当前kzz实时行情信息:
Pandas(Index=3, 债券代码='118003', 债券名称='华兴转债', 涨跌幅=3.12, 最新价=142.999, 最高=143.0, 最低=137.85, 今开=137.85, 涨跌额=4.322, 换手率=3.48, 量比=10.44, 动态市盈率='-', 成交量=27847, 成交额=39467382.0, 昨日收盘=138.677, 总市值='-', 流通市值=1143810820, 行情ID='1.118003', 市场类型='沪A', 更新时间='2023-05-10 09:33:01', 最新交易日='2023-05-10')
2023-05-10 09:33:07.771 | INFO     | __main__:kzz_trade:70 - 交易完成！
2023-05-10 09:33:07.772 | INFO     | __main__:kzz_trade:73 - 通知：在[2023-05-10 09:33:07.772275]时委托下单，以市价[142.999][3.12]涨幅买入[华兴转债][118003]股票[80]手
2023-05-10 09:33:08.024 | INFO     | message:send_dingding_msg:44 - 发送钉钉消息成功,结果：{"errcode":0,"errmsg":"ok"}
2023-05-10 09:33:08.024 | INFO     | __main__:kzz_trade:75 - =====================================================================================
2023-05-10 09:33:13.274 | INFO     | __main__:kzz_trade:67 - =====================================================================================
2023-05-10 09:33:13.275 | INFO     | __main__:kzz_trade:68 - 开始交易，当前kzz实时行情信息:
Pandas(Index=4, 债券代码='128100', 债券名称='搜特转债', 涨跌幅=3.09, 最新价=54.486, 最高=54.815, 最低=52.5, 今开=52.852, 涨跌额=1.634, 换手率=11.73, 量比=2.02, 动态市盈率='-', 成交量=93584, 成交额=50449158.267, 昨日收盘=52.852, 总市值=434791851, 流通市值=434796754, 行情ID='0.128100', 市场类型='深A', 更新时间='2023-05-10 09:33:09', 最新交易日='2023-05-10')
2023-05-10 09:33:17.341 | INFO     | __main__:kzz_trade:70 - 交易完成！
2023-05-10 09:33:17.341 | INFO     | __main__:kzz_trade:73 - 通知：在[2023-05-10 09:33:17.341270]时委托下单，以市价[54.486][3.09]涨幅买入[搜特转债][128100]股票[80]手
2023-05-10 09:33:17.546 | INFO     | message:send_dingding_msg:44 - 发送钉钉消息成功,结果：{"errcode":0,"errmsg":"ok"}
2023-05-10 09:33:17.547 | INFO     | __main__:kzz_trade:75 - =====================================================================================
2023-05-10 09:34:36.136 | INFO     | __main__:kzz_trade:67 - =====================================================================================
2023-05-10 09:34:36.136 | INFO     | __main__:kzz_trade:68 - 开始交易，当前kzz实时行情信息:
Pandas(Index=5, 债券代码='123131', 债券名称='奥飞转债', 涨跌幅=3.08, 最新价=145.341, 最高=145.45, 最低=141.6, 今开=141.899, 涨跌额=4.341, 换手率=3.65, 量比=17.51, 动态市盈率='-', 成交量=23198, 成交额=33425367.643, 昨日收盘=141.0, 总市值=922609117, 流通市值=922609117, 行情ID='0.123131', 市场类型='深A', 更新时间='2023-05-10 09:34:33', 最新交易日='2023-05-10')
2023-05-10 09:34:40.265 | INFO     | __main__:kzz_trade:70 - 交易完成！
2023-05-10 09:34:40.266 | INFO     | __main__:kzz_trade:73 - 通知：在[2023-05-10 09:34:40.266770]时委托下单，以市价[145.341][3.08]涨幅买入[奥飞转债][123131]股票[80]手
2023-05-10 09:34:40.623 | INFO     | message:send_dingding_msg:44 - 发送钉钉消息成功,结果：{"errcode":0,"errmsg":"ok"}
2023-05-10 09:34:40.624 | INFO     | __main__:kzz_trade:75 - =====================================================================================
2023-05-10 09:37:00.535 | INFO     | __main__:kzz_trade:67 - =====================================================================================
2023-05-10 09:37:00.535 | INFO     | __main__:kzz_trade:68 - 开始交易，当前kzz实时行情信息:
Pandas(Index=5, 债券代码='113017', 债券名称='吉视转债', 涨跌幅=3.09, 最新价=120.493, 最高=120.68, 最低=117.003, 今开=117.003, 涨跌额=3.606, 换手率=2.61, 量比=11.2, 动态市盈率='-', 成交量=29575, 成交额=35193427.0, 昨日收盘=116.887, 总市值='-', 流通市值=1367530484, 行情ID='1.113017', 市场类型='沪A', 更新时间='2023-05-10 09:36:58', 最新交易日='2023-05-10')
2023-05-10 09:37:04.630 | INFO     | __main__:kzz_trade:70 - 交易完成！
2023-05-10 09:37:04.631 | INFO     | __main__:kzz_trade:73 - 通知：在[2023-05-10 09:37:04.631012]时委托下单，以市价[120.493][3.09]涨幅买入[吉视转债][113017]股票[80]手
2023-05-10 09:37:05.089 | INFO     | message:send_dingding_msg:44 - 发送钉钉消息成功,结果：{"errcode":0,"errmsg":"ok"}
2023-05-10 09:37:05.090 | INFO     | __main__:kzz_trade:75 - =====================================================================================
2023-05-10 09:40:26.907 | INFO     | __main__:kzz_trade:67 - =====================================================================================
2023-05-10 09:40:26.907 | INFO     | __main__:kzz_trade:68 - 开始交易，当前kzz实时行情信息:
Pandas(Index=4, 债券代码='123176', 债券名称='精测转2', 涨跌幅=3.11, 最新价=173.732, 最高=173.86, 最低=169.0, 今开=169.2, 涨跌额=5.232, 换手率=4.96, 量比=3.92, 动态市盈率='-', 成交量=63282, 成交额=108840213.725, 昨日收盘=168.5, 总市值=2216820320, 流通市值=2216820320, 行情ID='0.123176', 市场类型='深A', 更新时间='2023-05-10 09:40:24', 最新交易日='2023-05-10')
2023-05-10 09:40:30.993 | INFO     | __main__:kzz_trade:70 - 交易完成！
2023-05-10 09:40:30.994 | INFO     | __main__:kzz_trade:73 - 通知：在[2023-05-10 09:40:30.994823]时委托下单，以市价[173.732][3.11]涨幅买入[精测转2][123176]股票[80]手
2023-05-10 09:40:31.414 | INFO     | message:send_dingding_msg:44 - 发送钉钉消息成功,结果：{"errcode":0,"errmsg":"ok"}
2023-05-10 09:40:31.415 | INFO     | __main__:kzz_trade:75 - =====================================================================================
2023-05-10 09:40:36.578 | INFO     | __main__:kzz_trade:67 - =====================================================================================
2023-05-10 09:40:36.578 | INFO     | __main__:kzz_trade:68 - 开始交易，当前kzz实时行情信息:
Pandas(Index=4, 债券代码='123025', 债券名称='精测转债', 涨跌幅=3.17, 最新价=225.938, 最高=226.293, 最低=218.23, 今开=219.33, 涨跌额=6.938, 换手率=29.21, 量比=4.74, 动态市盈率='-', 成交量=90136, 成交额=201181761.73, 昨日收盘=219.0, 总市值=697294148, 流通市值=697296408, 行情ID='0.123025', 市场类型='深A', 更新时间='2023-05-10 09:40:33', 最新交易日='2023-05-10')
2023-05-10 09:40:40.644 | INFO     | __main__:kzz_trade:70 - 交易完成！
2023-05-10 09:40:40.644 | INFO     | __main__:kzz_trade:73 - 通知：在[2023-05-10 09:40:40.644199]时委托下单，以市价[225.938][3.17]涨幅买入[精测转债][123025]股票[80]手
2023-05-10 09:40:40.849 | INFO     | message:send_dingding_msg:44 - 发送钉钉消息成功,结果：{"errcode":0,"errmsg":"ok"}
2023-05-10 09:40:40.850 | INFO     | __main__:kzz_trade:75 - =====================================================================================
2023-05-10 09:44:13.037 | INFO     | __main__:kzz_trade:67 - =====================================================================================
2023-05-10 09:44:13.037 | INFO     | __main__:kzz_trade:68 - 开始交易，当前kzz实时行情信息:
Pandas(Index=5, 债券代码='113594', 债券名称='淳中转债', 涨跌幅=3.1, 最新价=144.638, 最高=144.8, 最低=139.775, 今开=139.95, 涨跌额=4.344, 换手率=5.76, 量比=2.27, 动态市盈率='-', 成交量=17266, 成交额=24611836.0, 昨日收盘=140.294, 总市值='-', 流通市值=433500335, 行情ID='1.113594', 市场类型='沪A', 更新时间='2023-05-10 09:44:12', 最新交易日='2023-05-10')
2023-05-10 09:44:17.199 | INFO     | __main__:kzz_trade:70 - 交易完成！
2023-05-10 09:44:17.200 | INFO     | __main__:kzz_trade:73 - 通知：在[2023-05-10 09:44:17.200593]时委托下单，以市价[144.638][3.1]涨幅买入[淳中转债][113594]股票[80]手
2023-05-10 09:44:17.527 | INFO     | message:send_dingding_msg:44 - 发送钉钉消息成功,结果：{"errcode":0,"errmsg":"ok"}
2023-05-10 09:44:17.528 | INFO     | __main__:kzz_trade:75 - =====================================================================================
2023-05-10 09:46:11.152 | INFO     | __main__:kzz_trade:67 - =====================================================================================
2023-05-10 09:46:11.152 | INFO     | __main__:kzz_trade:68 - 开始交易，当前kzz实时行情信息:
Pandas(Index=5, 债券代码='128111', 债券名称='中矿转债', 涨跌幅=3.1, 最新价=539.2, 最高=539.7, 最低=524.938, 今开=527.0, 涨跌额=16.2, 换手率=27.34, 量比=4.69, 动态市盈率='-', 成交量=30075, 成交额=159973558.006, 昨日收盘=523.0, 总市值=593092501, 流通市值=593092501, 行情ID='0.128111', 市场类型='深A', 更新时间='2023-05-10 09:46:09', 最新交易日='2023-05-10')
2023-05-10 09:46:15.323 | INFO     | __main__:kzz_trade:70 - 交易完成！
2023-05-10 09:46:15.324 | INFO     | __main__:kzz_trade:73 - 通知：在[2023-05-10 09:46:15.324015]时委托下单，以市价[539.2][3.1]涨幅买入[中矿转债][128111]股票[80]手
2023-05-10 09:46:15.604 | INFO     | message:send_dingding_msg:44 - 发送钉钉消息成功,结果：{"errcode":0,"errmsg":"ok"}
2023-05-10 09:46:15.605 | INFO     | __main__:kzz_trade:75 - =====================================================================================
2023-05-10 09:49:11.029 | INFO     | __main__:kzz_trade:67 - =====================================================================================
2023-05-10 09:49:11.029 | INFO     | __main__:kzz_trade:68 - 开始交易，当前kzz实时行情信息:
Pandas(Index=3, 债券代码='128079', 债券名称='英联转债', 涨跌幅=3.41, 最新价=140.58, 最高=140.58, 最低=135.66, 今开=136.148, 涨跌额=4.635, 换手率=15.94, 量比=23.97, 动态市盈率='-', 成交量=24173, 成交额=33581653.79, 昨日收盘=135.945, 总市值=213140648, 流通市值=213140648, 行情ID='0.128079', 市场类型='深A', 更新时间='2023-05-10 09:49:09', 最新交易日='2023-05-10')
2023-05-10 09:49:15.083 | INFO     | __main__:kzz_trade:70 - 交易完成！
2023-05-10 09:49:15.084 | INFO     | __main__:kzz_trade:73 - 通知：在[2023-05-10 09:49:15.084282]时委托下单，以市价[140.58][3.41]涨幅买入[英联转债][128079]股票[80]手
2023-05-10 09:49:15.402 | INFO     | message:send_dingding_msg:44 - 发送钉钉消息成功,结果：{"errcode":0,"errmsg":"ok"}
2023-05-10 09:49:15.402 | INFO     | __main__:kzz_trade:75 - =====================================================================================
2023-05-10 09:50:27.732 | INFO     | __main__:kzz_trade:67 - =====================================================================================
2023-05-10 09:50:27.733 | INFO     | __main__:kzz_trade:68 - 开始交易，当前kzz实时行情信息:
Pandas(Index=2, 债券代码='113628', 债券名称='晨丰转债', 涨跌幅=4.12, 最新价=118.601, 最高=119.0, 最低=115.205, 今开=118.0, 涨跌额=4.697, 换手率=16.01, 量比=55.0, 动态市盈率='-', 成交量=66442, 成交额=77655022.0, 昨日收盘=113.904, 总市值='-', 流通市值=492164500, 行情ID='1.113628', 市场类型='沪A', 更新时间='2023-05-10 09:50:26', 最新交易日='2023-05-10')
2023-05-10 09:50:31.829 | INFO     | __main__:kzz_trade:70 - 交易完成！
2023-05-10 09:50:31.829 | INFO     | __main__:kzz_trade:73 - 通知：在[2023-05-10 09:50:31.829063]时委托下单，以市价[118.601][4.12]涨幅买入[晨丰转债][113628]股票[80]手
2023-05-10 09:50:32.069 | INFO     | message:send_dingding_msg:44 - 发送钉钉消息成功,结果：{"errcode":0,"errmsg":"ok"}
2023-05-10 09:50:32.069 | INFO     | __main__:kzz_trade:75 - =====================================================================================
2023-05-10 09:55:26.700 | INFO     | __main__:kzz_trade:67 - =====================================================================================
2023-05-10 09:55:26.700 | INFO     | __main__:kzz_trade:68 - 开始交易，当前kzz实时行情信息:
Pandas(Index=7, 债券代码='123173', 债券名称='恒锋转债', 涨跌幅=3.02, 最新价=145.047, 最高=145.06, 最低=140.01, 今开=140.7, 涨跌额=4.247, 换手率=30.2, 量比=7.04, 动态市盈率='-', 成交量=73212, 成交额=105095711.41, 昨日收盘=140.8, 总市值=351645710, 流通市值=351645710, 行情ID='0.123173', 市场类型='深A', 更新时间='2023-05-10 09:55:24', 最新交易日='2023-05-10')
2023-05-10 09:55:30.829 | INFO     | __main__:kzz_trade:70 - 交易完成！
2023-05-10 09:55:30.830 | INFO     | __main__:kzz_trade:73 - 通知：在[2023-05-10 09:55:30.830089]时委托下单，以市价[145.047][3.02]涨幅买入[恒锋转债][123173]股票[80]手
2023-05-10 09:55:31.240 | INFO     | message:send_dingding_msg:44 - 发送钉钉消息成功,结果：{"errcode":0,"errmsg":"ok"}
2023-05-10 09:55:31.241 | INFO     | __main__:kzz_trade:75 - =====================================================================================
2023-05-10 09:56:07.404 | INFO     | __main__:kzz_trade:67 - =====================================================================================
2023-05-10 09:56:07.404 | INFO     | __main__:kzz_trade:68 - 开始交易，当前kzz实时行情信息:
Pandas(Index=7, 债券代码='123191', 债券名称='智尚转债', 涨跌幅=3.02, 最新价=140.0, 最高=140.2, 最低=135.67, 今开=135.9, 涨跌额=4.1, 换手率=5.02, 量比=0.71, 动态市盈率='-', 成交量=35137, 成交额=48500999.709, 昨日收盘=135.9, 总市值=979412000, 流通市值=979412000, 行情ID='0.123191', 市场类型='深A', 更新时间='2023-05-10 09:56:06', 最新交易日='2023-05-10')
2023-05-10 09:56:11.539 | INFO     | __main__:kzz_trade:70 - 交易完成！
2023-05-10 09:56:11.540 | INFO     | __main__:kzz_trade:73 - 通知：在[2023-05-10 09:56:11.540551]时委托下单，以市价[140.0][3.02]涨幅买入[智尚转债][123191]股票[80]手
2023-05-10 09:56:11.859 | INFO     | message:send_dingding_msg:44 - 发送钉钉消息成功,结果：{"errcode":0,"errmsg":"ok"}
2023-05-10 09:56:11.859 | INFO     | __main__:kzz_trade:75 - =====================================================================================
2023-05-10 09:56:53.483 | INFO     | __main__:kzz_trade:67 - =====================================================================================
2023-05-10 09:56:53.483 | INFO     | __main__:kzz_trade:68 - 开始交易，当前kzz实时行情信息:
Pandas(Index=7, 债券代码='123071', 债券名称='天能转债', 涨跌幅=3.2, 最新价=136.222, 最高=136.264, 最低=131.5, 今开=131.584, 涨跌额=4.222, 换手率=2.19, 量比=2.06, 动态市盈率='-', 成交量=15208, 成交额=20327763.511, 昨日收盘=132.0, 总市值=945481621, 流通市值=945481621, 行情ID='0.123071', 市场类型='深A', 更新时间='2023-05-10 09:56:51', 最新交易日='2023-05-10')
2023-05-10 09:56:57.618 | INFO     | __main__:kzz_trade:70 - 交易完成！
2023-05-10 09:56:57.619 | INFO     | __main__:kzz_trade:73 - 通知：在[2023-05-10 09:56:57.619152]时委托下单，以市价[136.222][3.2]涨幅买入[天能转债][123071]股票[80]手
2023-05-10 09:56:57.819 | INFO     | message:send_dingding_msg:44 - 发送钉钉消息成功,结果：{"errcode":0,"errmsg":"ok"}
2023-05-10 09:56:57.819 | INFO     | __main__:kzz_trade:75 - =====================================================================================
2023-05-10 10:07:31.787 | INFO     | __main__:kzz_trade:67 - =====================================================================================
2023-05-10 10:07:31.787 | INFO     | __main__:kzz_trade:68 - 开始交易，当前kzz实时行情信息:
Pandas(Index=7, 债券代码='111000', 债券名称='起帆转债', 涨跌幅=3.13, 最新价=135.1, 最高=135.1, 最低=130.626, 今开=130.829, 涨跌额=4.096, 换手率=1.18, 量比=1.63, 动态市盈率='-', 成交量=11771, 成交额=15680080.0, 昨日收盘=131.004, 总市值='-', 流通市值=1350016472, 行情ID='1.111000', 市场类型='沪A', 更新时间='2023-05-10 10:07:28', 最新交易日='2023-05-10')
2023-05-10 10:07:35.894 | INFO     | __main__:kzz_trade:70 - 交易完成！
2023-05-10 10:07:35.895 | INFO     | __main__:kzz_trade:73 - 通知：在[2023-05-10 10:07:35.895473]时委托下单，以市价[135.1][3.13]涨幅买入[起帆转债][111000]股票[80]手
2023-05-10 10:07:36.379 | INFO     | message:send_dingding_msg:44 - 发送钉钉消息成功,结果：{"errcode":0,"errmsg":"ok"}
2023-05-10 10:07:36.379 | INFO     | __main__:kzz_trade:75 - =====================================================================================
2023-05-10 10:11:08.724 | INFO     | __main__:kzz_trade:67 - =====================================================================================
2023-05-10 10:11:08.724 | INFO     | __main__:kzz_trade:68 - 开始交易，当前kzz实时行情信息:
Pandas(Index=6, 债券代码='123018', 债券名称='溢利转债', 涨跌幅=3.07, 最新价=266.497, 最高=266.5, 最低=256.321, 今开=259.0, 涨跌额=7.947, 换手率=74.71, 量比=3.48, 动态市盈率='-', 成交量=40443, 成交额=106115843.02, 昨日收盘=258.55, 总市值=144271615, 流通市值=144271615, 行情ID='0.123018', 市场类型='深A', 更新时间='2023-05-10 10:11:06', 最新交易日='2023-05-10')
2023-05-10 10:11:12.851 | INFO     | __main__:kzz_trade:70 - 交易完成！
2023-05-10 10:11:12.852 | INFO     | __main__:kzz_trade:73 - 通知：在[2023-05-10 10:11:12.852241]时委托下单，以市价[266.497][3.07]涨幅买入[溢利转债][123018]股票[80]手
2023-05-10 10:11:13.174 | INFO     | message:send_dingding_msg:44 - 发送钉钉消息成功,结果：{"errcode":0,"errmsg":"ok"}
2023-05-10 10:11:13.175 | INFO     | __main__:kzz_trade:75 - =====================================================================================
2023-05-10 10:16:02.498 | INFO     | __main__:kzz_trade:67 - =====================================================================================
2023-05-10 10:16:02.499 | INFO     | __main__:kzz_trade:68 - 开始交易，当前kzz实时行情信息:
Pandas(Index=5, 债券代码='123195', 债券名称='蓝晓转02', 涨跌幅=3.25, 最新价=136.606, 最高=136.823, 最低=132.074, 今开=132.8, 涨跌额=4.302, 换手率=16.56, 量比=1.76, 动态市盈率='-', 成交量=90450, 成交额=121025104.812, 昨日收盘=132.304, 总市值=745956871, 流通市值=745956871, 行情ID='0.123195', 市场类型='深A', 更新时间='2023-05-10 10:16:00', 最新交易日='2023-05-10')
2023-05-10 10:16:06.682 | INFO     | __main__:kzz_trade:70 - 交易完成！
2023-05-10 10:16:06.683 | INFO     | __main__:kzz_trade:73 - 通知：在[2023-05-10 10:16:06.683229]时委托下单，以市价[136.606][3.25]涨幅买入[蓝晓转02][123195]股票[80]手
2023-05-10 10:16:07.058 | INFO     | message:send_dingding_msg:44 - 发送钉钉消息成功,结果：{"errcode":0,"errmsg":"ok"}
2023-05-10 10:16:07.059 | INFO     | __main__:kzz_trade:75 - =====================================================================================
2023-05-10 10:19:13.024 | INFO     | __main__:kzz_trade:67 - =====================================================================================
2023-05-10 10:19:13.025 | INFO     | __main__:kzz_trade:68 - 开始交易，当前kzz实时行情信息:
Pandas(Index=3, 债券代码='123188', 债券名称='水羊转债', 涨跌幅=4.26, 最新价=141.048, 最高=141.051, 最低=133.3, 今开=133.742, 涨跌额=5.758, 换手率=1.9, 量比=0.64, 动态市盈率='-', 成交量=13234, 成交额=17977186.87, 昨日收盘=135.29, 总市值=980265264, 流通市值=980265264, 行情ID='0.123188', 市场类型='深A', 更新时间='2023-05-10 10:19:12', 最新交易日='2023-05-10')
2023-05-10 10:19:17.088 | INFO     | __main__:kzz_trade:70 - 交易完成！
2023-05-10 10:19:17.089 | INFO     | __main__:kzz_trade:73 - 通知：在[2023-05-10 10:19:17.089655]时委托下单，以市价[141.048][4.26]涨幅买入[水羊转债][123188]股票[80]手
2023-05-10 10:19:17.453 | INFO     | message:send_dingding_msg:44 - 发送钉钉消息成功,结果：{"errcode":0,"errmsg":"ok"}
2023-05-10 10:19:17.454 | INFO     | __main__:kzz_trade:75 - =====================================================================================
2023-05-10 10:22:28.519 | INFO     | __main__:kzz_trade:67 - =====================================================================================
2023-05-10 10:22:28.519 | INFO     | __main__:kzz_trade:68 - 开始交易，当前kzz实时行情信息:
Pandas(Index=6, 债券代码='123193', 债券名称='海能转债', 涨跌幅=3.14, 最新价=119.98, 最高=119.98, 最低=116.6, 今开=117.22, 涨跌额=3.656, 换手率=14.25, 量比=1.06, 动态市盈率='-', 成交量=85480, 成交额=100801295.738, 昨日收盘=116.324, 总市值=719880000, 流通市值=719880000, 行情ID='0.123193', 市场类型='深A', 更新时间='2023-05-10 10:22:27', 最新交易日='2023-05-10')
2023-05-10 10:22:32.601 | INFO     | __main__:kzz_trade:70 - 交易完成！
2023-05-10 10:22:32.602 | INFO     | __main__:kzz_trade:73 - 通知：在[2023-05-10 10:22:32.602181]时委托下单，以市价[119.98][3.14]涨幅买入[海能转债][123193]股票[80]手
2023-05-10 10:22:33.491 | INFO     | message:send_dingding_msg:44 - 发送钉钉消息成功,结果：{"errcode":0,"errmsg":"ok"}
2023-05-10 10:22:33.492 | INFO     | __main__:kzz_trade:75 - =====================================================================================
2023-05-10 11:06:20.230 | INFO     | __main__:kzz_trade:67 - =====================================================================================
2023-05-10 11:06:20.230 | INFO     | __main__:kzz_trade:68 - 开始交易，当前kzz实时行情信息:
Pandas(Index=7, 债券代码='128082', 债券名称='华锋转债', 涨跌幅=3.05, 最新价=140.66, 最高=140.8, 最低=135.782, 今开=136.5, 涨跌额=4.16, 换手率=13.05, 量比=2.83, 动态市盈率='-', 成交量=26307, 成交额=36223814.55, 昨日收盘=136.5, 总市值=283524424, 流通市值=283524424, 行情ID='0.128082', 市场类型='深A', 更新时间='2023-05-10 11:06:18', 最新交易日='2023-05-10')
2023-05-10 11:06:26.014 | INFO     | __main__:kzz_trade:70 - 交易完成！
2023-05-10 11:06:26.014 | INFO     | __main__:kzz_trade:73 - 通知：在[2023-05-10 11:06:26.014476]时委托下单，以市价[140.66][3.05]涨幅买入[华锋转债][128082]股票[80]手
2023-05-10 11:06:26.527 | INFO     | message:send_dingding_msg:44 - 发送钉钉消息成功,结果：{"errcode":0,"errmsg":"ok"}
2023-05-10 11:06:26.527 | INFO     | __main__:kzz_trade:75 - =====================================================================================
2023-05-10 11:12:07.654 | INFO     | __main__:kzz_trade:67 - =====================================================================================
2023-05-10 11:12:07.654 | INFO     | __main__:kzz_trade:68 - 开始交易，当前kzz实时行情信息:
Pandas(Index=6, 债券代码='127065', 债券名称='瑞鹄转债', 涨跌幅=3.06, 最新价=153.131, 最高=153.36, 最低=148.685, 今开=150.88, 涨跌额=4.541, 换手率=20.11, 量比=3.39, 动态市盈率='-', 成交量=88315, 成交额=133326219.628, 昨日收盘=148.59, 总市值=672570187, 流通市值=672570187, 行情ID='0.127065', 市场类型='深A', 更新时间='2023-05-10 11:12:03', 最新交易日='2023-05-10')
2023-05-10 11:12:11.813 | INFO     | __main__:kzz_trade:70 - 交易完成！
2023-05-10 11:12:11.814 | INFO     | __main__:kzz_trade:73 - 通知：在[2023-05-10 11:12:11.814121]时委托下单，以市价[153.131][3.06]涨幅买入[瑞鹄转债][127065]股票[80]手
2023-05-10 11:12:12.224 | INFO     | message:send_dingding_msg:44 - 发送钉钉消息成功,结果：{"errcode":0,"errmsg":"ok"}
2023-05-10 11:12:12.224 | INFO     | __main__:kzz_trade:75 - =====================================================================================
2023-05-10 11:29:56.445 | INFO     | __main__:kzz_trade:67 - =====================================================================================
2023-05-10 11:29:56.445 | INFO     | __main__:kzz_trade:68 - 开始交易，当前kzz实时行情信息:
Pandas(Index=8, 债券代码='113016', 债券名称='小康转债', 涨跌幅=3.07, 最新价=254.383, 最高=255.0, 最低=245.26, 今开=247.0, 涨跌额=7.579, 换手率=68.35, 量比=3.23, 动态市盈率='-', 成交量=140941, 成交额=352461171.0, 昨日收盘=246.804, 总市值='-', 流通市值=524518413, 行情ID='1.113016', 市场类型='沪A', 更新时间='2023-05-10 11:29:54', 最新交易日='2023-05-10')
2023-05-10 11:30:00.717 | INFO     | __main__:kzz_trade:70 - 交易完成！
2023-05-10 11:30:00.718 | INFO     | __main__:kzz_trade:73 - 通知：在[2023-05-10 11:30:00.718263]时委托下单，以市价[254.383][3.07]涨幅买入[小康转债][113016]股票[80]手
2023-05-10 11:30:01.182 | INFO     | message:send_dingding_msg:44 - 发送钉钉消息成功,结果：{"errcode":0,"errmsg":"ok"}
2023-05-10 11:30:01.183 | INFO     | __main__:kzz_trade:75 - =====================================================================================
2023-05-10 11:30:06.338 | INFO     | util.date_util:in_trading_time:26 - 当前时间不在合法的交易时间内，请稍后再试
2023-05-10 12:30:06.671 | INFO     | util.date_util:in_trading_time:26 - 当前时间不在合法的交易时间内，请稍后再试
2023-05-10 13:01:37.714 | INFO     | __main__:kzz_trade:67 - =====================================================================================
2023-05-10 13:01:37.715 | INFO     | __main__:kzz_trade:68 - 开始交易，当前kzz实时行情信息:
Pandas(Index=9, 债券代码='123118', 债券名称='惠城转债', 涨跌幅=3.09, 最新价=210.394, 最高=210.563, 最低=201.394, 今开=203.923, 涨跌额=6.3, 换手率=80.44, 量比=1.62, 动态市盈率='-', 成交量=151277, 成交额=311800169.06, 昨日收盘=204.094, 总市值=395648021, 流通市值=395648021, 行情ID='0.123118', 市场类型='深A', 更新时间='2023-05-10 13:01:36', 最新交易日='2023-05-10')
2023-05-10 13:01:42.213 | INFO     | __main__:kzz_trade:70 - 交易完成！
2023-05-10 13:01:42.214 | INFO     | __main__:kzz_trade:73 - 通知：在[2023-05-10 13:01:42.214761]时委托下单，以市价[210.394][3.09]涨幅买入[惠城转债][123118]股票[80]手
2023-05-10 13:01:42.603 | INFO     | message:send_dingding_msg:44 - 发送钉钉消息成功,结果：{"errcode":0,"errmsg":"ok"}
2023-05-10 13:01:42.604 | INFO     | __main__:kzz_trade:75 - =====================================================================================
2023-05-10 13:03:00.039 | INFO     | __main__:kzz_trade:67 - =====================================================================================
2023-05-10 13:03:00.039 | INFO     | __main__:kzz_trade:68 - 开始交易，当前kzz实时行情信息:
Pandas(Index=10, 债券代码='113626', 债券名称='伯特转债', 涨跌幅=3.02, 最新价=202.941, 最高=203.109, 最低=193.051, 今开=197.5, 涨跌额=5.943, 换手率=12.3, 量比=2.79, 动态市盈率='-', 成交量=95996, 成交额=189815755.0, 昨日收盘=196.998, 总市值='-', 流通市值=1584149328, 行情ID='1.113626', 市场类型='沪A', 更新时间='2023-05-10 13:02:59', 最新交易日='2023-05-10')
2023-05-10 13:03:04.150 | INFO     | __main__:kzz_trade:70 - 交易完成！
2023-05-10 13:03:04.151 | INFO     | __main__:kzz_trade:73 - 通知：在[2023-05-10 13:03:04.151445]时委托下单，以市价[202.941][3.02]涨幅买入[伯特转债][113626]股票[80]手
2023-05-10 13:03:04.506 | INFO     | message:send_dingding_msg:44 - 发送钉钉消息成功,结果：{"errcode":0,"errmsg":"ok"}
2023-05-10 13:03:04.506 | INFO     | __main__:kzz_trade:75 - =====================================================================================
2023-05-10 13:12:01.972 | INFO     | __main__:kzz_trade:67 - =====================================================================================
2023-05-10 13:12:01.973 | INFO     | __main__:kzz_trade:68 - 开始交易，当前kzz实时行情信息:
Pandas(Index=11, 债券代码='127037', 债券名称='银轮转债', 涨跌幅=3.03, 最新价=159.38, 最高=159.38, 最低=153.701, 今开=154.844, 涨跌额=4.682, 换手率=7.56, 量比=2.13, 动态市盈率='-', 成交量=52869, 成交额=82597498.162, 昨日收盘=154.698, 总市值=1114775760, 流通市值=1114775760, 行情ID='0.127037', 市场类型='深A', 更新时间='2023-05-10 13:12:00', 最新交易日='2023-05-10')
2023-05-10 13:12:06.107 | INFO     | __main__:kzz_trade:70 - 交易完成！
2023-05-10 13:12:06.108 | INFO     | __main__:kzz_trade:73 - 通知：在[2023-05-10 13:12:06.108718]时委托下单，以市价[159.38][3.03]涨幅买入[银轮转债][127037]股票[80]手
2023-05-10 13:12:06.601 | INFO     | message:send_dingding_msg:44 - 发送钉钉消息成功,结果：{"errcode":0,"errmsg":"ok"}
2023-05-10 13:12:06.602 | INFO     | __main__:kzz_trade:75 - =====================================================================================
2023-05-10 13:12:37.878 | INFO     | __main__:kzz_trade:67 - =====================================================================================
2023-05-10 13:12:37.878 | INFO     | __main__:kzz_trade:68 - 开始交易，当前kzz实时行情信息:
Pandas(Index=10, 债券代码='123158', 债券名称='宙邦转债', 涨跌幅=3.11, 最新价=135.077, 最高=135.087, 最低=130.371, 今开=130.411, 涨跌额=4.077, 换手率=3.89, 量比=3.06, 动态市盈率='-', 成交量=76581, 成交额=101356466.36, 昨日收盘=131.0, 总市值=2660429045, 流通市值=2660429045, 行情ID='0.123158', 市场类型='深A', 更新时间='2023-05-10 13:12:33', 最新交易日='2023-05-10')
2023-05-10 13:12:42.003 | INFO     | __main__:kzz_trade:70 - 交易完成！
2023-05-10 13:12:42.004 | INFO     | __main__:kzz_trade:73 - 通知：在[2023-05-10 13:12:42.003420]时委托下单，以市价[135.077][3.11]涨幅买入[宙邦转债][123158]股票[80]手
2023-05-10 13:12:42.232 | INFO     | message:send_dingding_msg:44 - 发送钉钉消息成功,结果：{"errcode":0,"errmsg":"ok"}
2023-05-10 13:12:42.232 | INFO     | __main__:kzz_trade:75 - =====================================================================================
2023-05-10 13:16:29.836 | INFO     | __main__:kzz_trade:67 - =====================================================================================
2023-05-10 13:16:29.836 | INFO     | __main__:kzz_trade:68 - 开始交易，当前kzz实时行情信息:
Pandas(Index=12, 债券代码='128095', 债券名称='恩捷转债', 涨跌幅=3.03, 最新价=179.897, 最高=179.897, 最低=172.4, 今开=175.0, 涨跌额=5.297, 换手率=33.89, 量比=1.84, 动态市盈率='-', 成交量=153781, 成交额=271401631.946, 昨日收盘=174.6, 总市值=816212837, 流通市值=816212837, 行情ID='0.128095', 市场类型='深A', 更新时间='2023-05-10 13:16:27', 最新交易日='2023-05-10')
2023-05-10 13:16:33.856 | INFO     | __main__:kzz_trade:70 - 交易完成！
2023-05-10 13:16:33.857 | INFO     | __main__:kzz_trade:73 - 通知：在[2023-05-10 13:16:33.857057]时委托下单，以市价[179.897][3.03]涨幅买入[恩捷转债][128095]股票[80]手
2023-05-10 13:16:34.387 | INFO     | message:send_dingding_msg:44 - 发送钉钉消息成功,结果：{"errcode":0,"errmsg":"ok"}
2023-05-10 13:16:34.388 | INFO     | __main__:kzz_trade:75 - =====================================================================================
2023-05-10 13:17:10.518 | INFO     | __main__:kzz_trade:67 - =====================================================================================
2023-05-10 13:17:10.518 | INFO     | __main__:kzz_trade:68 - 开始交易，当前kzz实时行情信息:
Pandas(Index=12, 债券代码='113537', 债券名称='文灿转债', 涨跌幅=3.05, 最新价=224.449, 最高=224.449, 最低=215.0, 今开=217.65, 涨跌额=6.653, 换手率=76.3, 量比=2.29, 动态市盈率='-', 成交量=94166, 成交额=207448137.0, 昨日收盘=217.796, 总市值='-', 流通市值=276988246, 行情ID='1.113537', 市场类型='沪A', 更新时间='2023-05-10 13:17:06', 最新交易日='2023-05-10')
2023-05-10 13:17:14.670 | INFO     | __main__:kzz_trade:70 - 交易完成！
2023-05-10 13:17:14.671 | INFO     | __main__:kzz_trade:73 - 通知：在[2023-05-10 13:17:14.671731]时委托下单，以市价[224.449][3.05]涨幅买入[文灿转债][113537]股票[80]手
2023-05-10 13:17:14.878 | INFO     | message:send_dingding_msg:44 - 发送钉钉消息成功,结果：{"errcode":0,"errmsg":"ok"}
2023-05-10 13:17:14.878 | INFO     | __main__:kzz_trade:75 - =====================================================================================
2023-05-10 13:18:52.965 | INFO     | __main__:kzz_trade:67 - =====================================================================================
2023-05-10 13:18:52.966 | INFO     | __main__:kzz_trade:68 - 开始交易，当前kzz实时行情信息:
Pandas(Index=13, 债券代码='113534', 债券名称='鼎胜转债', 涨跌幅=3.09, 最新价=242.6, 最高=242.6, 最低=230.5, 今开=234.6, 涨跌额=7.263, 换手率=24.96, 量比=1.59, 动态市盈率='-', 成交量=98176, 成交额=231798384.0, 昨日收盘=235.337, 总市值='-', 流通市值=954165208, 行情ID='1.113534', 市场类型='沪A', 更新时间='2023-05-10 13:18:49', 最新交易日='2023-05-10')
2023-05-10 13:18:57.038 | INFO     | __main__:kzz_trade:70 - 交易完成！
2023-05-10 13:18:57.039 | INFO     | __main__:kzz_trade:73 - 通知：在[2023-05-10 13:18:57.039798]时委托下单，以市价[242.6][3.09]涨幅买入[鼎胜转债][113534]股票[80]手
2023-05-10 13:18:57.585 | INFO     | message:send_dingding_msg:44 - 发送钉钉消息成功,结果：{"errcode":0,"errmsg":"ok"}
2023-05-10 13:18:57.586 | INFO     | __main__:kzz_trade:75 - =====================================================================================
2023-05-10 13:22:19.012 | INFO     | __main__:kzz_trade:67 - =====================================================================================
2023-05-10 13:22:19.013 | INFO     | __main__:kzz_trade:68 - 开始交易，当前kzz实时行情信息:
Pandas(Index=16, 债券代码='127066', 债券名称='科利转债', 涨跌幅=3.06, 最新价=123.184, 最高=123.184, 最低=119.0, 今开=119.348, 涨跌额=3.657, 换手率=3.33, 量比=2.17, 动态市盈率='-', 成交量=51051, 成交额=61647313.746, 昨日收盘=119.527, 总市值=1890009772, 流通市值=1890009772, 行情ID='0.127066', 市场类型='深A', 更新时间='2023-05-10 13:22:18', 最新交易日='2023-05-10')
2023-05-10 13:22:23.121 | INFO     | __main__:kzz_trade:70 - 交易完成！
2023-05-10 13:22:23.122 | INFO     | __main__:kzz_trade:73 - 通知：在[2023-05-10 13:22:23.122892]时委托下单，以市价[123.184][3.06]涨幅买入[科利转债][127066]股票[80]手
2023-05-10 13:22:23.437 | INFO     | message:send_dingding_msg:44 - 发送钉钉消息成功,结果：{"errcode":0,"errmsg":"ok"}
2023-05-10 13:22:23.437 | INFO     | __main__:kzz_trade:75 - =====================================================================================
2023-05-10 13:23:09.956 | INFO     | __main__:kzz_trade:67 - =====================================================================================
2023-05-10 13:23:09.956 | INFO     | __main__:kzz_trade:68 - 开始交易，当前kzz实时行情信息:
Pandas(Index=17, 债券代码='123067', 债券名称='斯莱转债', 涨跌幅=3.03, 最新价=144.957, 最高=145.0, 最低=140.001, 今开=140.25, 涨跌额=4.259, 换手率=16.54, 量比=1.94, 动态市盈率='-', 成交量=39614, 成交额=56347144.05, 昨日收盘=140.698, 总市值=347125049, 流通市值=347125049, 行情ID='0.123067', 市场类型='深A', 更新时间='2023-05-10 13:23:09', 最新交易日='2023-05-10')
2023-05-10 13:23:14.077 | INFO     | __main__:kzz_trade:70 - 交易完成！
2023-05-10 13:23:14.078 | INFO     | __main__:kzz_trade:73 - 通知：在[2023-05-10 13:23:14.078380]时委托下单，以市价[144.957][3.03]涨幅买入[斯莱转债][123067]股票[80]手
2023-05-10 13:23:14.396 | INFO     | message:send_dingding_msg:44 - 发送钉钉消息成功,结果：{"errcode":0,"errmsg":"ok"}
2023-05-10 13:23:14.396 | INFO     | __main__:kzz_trade:75 - =====================================================================================
2023-05-10 13:23:40.230 | INFO     | __main__:kzz_trade:67 - =====================================================================================
2023-05-10 13:23:40.230 | INFO     | __main__:kzz_trade:68 - 开始交易，当前kzz实时行情信息:
Pandas(Index=16, 债券代码='123148', 债券名称='上能转债', 涨跌幅=3.09, 最新价=142.489, 最高=142.636, 最低=133.452, 今开=137.585, 涨跌额=4.274, 换手率=152.23, 量比=1.39, 动态市盈率='-', 成交量=461330, 成交额=634940587.901, 昨日收盘=138.215, 总市值=325975363, 流通市值=431799378, 行情ID='0.123148', 市场类型='深A', 更新时间='2023-05-10 13:23:36', 最新交易日='2023-05-10')
2023-05-10 13:23:44.369 | INFO     | __main__:kzz_trade:70 - 交易完成！
2023-05-10 13:23:44.369 | INFO     | __main__:kzz_trade:73 - 通知：在[2023-05-10 13:23:44.369840]时委托下单，以市价[142.489][3.09]涨幅买入[上能转债][123148]股票[80]手
2023-05-10 13:23:44.583 | INFO     | message:send_dingding_msg:44 - 发送钉钉消息成功,结果：{"errcode":0,"errmsg":"ok"}
2023-05-10 13:23:44.584 | INFO     | __main__:kzz_trade:75 - =====================================================================================
2023-05-10 13:50:54.512 | INFO     | __main__:kzz_trade:67 - =====================================================================================
2023-05-10 13:50:54.513 | INFO     | __main__:kzz_trade:68 - 开始交易，当前kzz实时行情信息:
Pandas(Index=14, 债券代码='123075', 债券名称='贝斯转债', 涨跌幅=3.02, 最新价=126.761, 最高=126.761, 最低=122.804, 今开=123.051, 涨跌额=3.711, 换手率=4.73, 量比=1.58, 动态市盈率='-', 成交量=28346, 成交额=35441002.859, 昨日收盘=123.05, 总市值=760062379, 流通市值=760062379, 行情ID='0.123075', 市场类型='深A', 更新时间='2023-05-10 13:50:51', 最新交易日='2023-05-10')
2023-05-10 13:50:58.848 | INFO     | __main__:kzz_trade:70 - 交易完成！
2023-05-10 13:50:58.848 | INFO     | __main__:kzz_trade:73 - 通知：在[2023-05-10 13:50:58.848452]时委托下单，以市价[126.761][3.02]涨幅买入[贝斯转债][123075]股票[80]手
2023-05-10 13:50:59.251 | INFO     | message:send_dingding_msg:44 - 发送钉钉消息成功,结果：{"errcode":0,"errmsg":"ok"}
2023-05-10 13:50:59.251 | INFO     | __main__:kzz_trade:75 - =====================================================================================
2023-05-10 14:08:50.406 | INFO     | __main__:kzz_trade:67 - =====================================================================================
2023-05-10 14:08:50.407 | INFO     | __main__:kzz_trade:68 - 开始交易，当前kzz实时行情信息:
Pandas(Index=13, 债券代码='110090', 债券名称='爱迪转债', 涨跌幅=3.06, 最新价=132.578, 最高=132.578, 最低=127.834, 今开=128.8, 涨跌额=3.937, 换手率=3.93, 量比=1.87, 动态市盈率='-', 成交量=61658, 成交额=80806266.0, 昨日收盘=128.641, 总市值='-', 流通市值=2081338708, 行情ID='1.110090', 市场类型='沪A', 更新时间='2023-05-10 14:08:46', 最新交易日='2023-05-10')
2023-05-10 14:08:54.529 | INFO     | __main__:kzz_trade:70 - 交易完成！
2023-05-10 14:08:54.529 | INFO     | __main__:kzz_trade:73 - 通知：在[2023-05-10 14:08:54.529592]时委托下单，以市价[132.578][3.06]涨幅买入[爱迪转债][110090]股票[80]手
2023-05-10 14:08:54.906 | INFO     | message:send_dingding_msg:44 - 发送钉钉消息成功,结果：{"errcode":0,"errmsg":"ok"}
2023-05-10 14:08:54.906 | INFO     | __main__:kzz_trade:75 - =====================================================================================
2023-05-10 14:24:56.674 | INFO     | __main__:kzz_trade:67 - =====================================================================================
2023-05-10 14:24:56.674 | INFO     | __main__:kzz_trade:68 - 开始交易，当前kzz实时行情信息:
Pandas(Index=10, 债券代码='128017', 债券名称='金禾转债', 涨跌幅=3.09, 最新价=132.045, 最高=132.101, 最低=127.688, 今开=128.093, 涨跌额=3.952, 换手率=9.39, 量比=1.56, 动态市盈率='-', 成交量=51784, 成交额=67372997.362, 昨日收盘=128.093, 总市值=728367350, 流通市值=728367350, 行情ID='0.128017', 市场类型='深A', 更新时间='2023-05-10 14:24:54', 最新交易日='2023-05-10')
2023-05-10 14:25:00.821 | INFO     | __main__:kzz_trade:70 - 交易完成！
2023-05-10 14:25:00.822 | INFO     | __main__:kzz_trade:73 - 通知：在[2023-05-10 14:25:00.821813]时委托下单，以市价[132.045][3.09]涨幅买入[金禾转债][128017]股票[80]手
2023-05-10 14:25:01.174 | INFO     | message:send_dingding_msg:44 - 发送钉钉消息成功,结果：{"errcode":0,"errmsg":"ok"}
2023-05-10 14:25:01.175 | INFO     | __main__:kzz_trade:75 - =====================================================================================
2023-05-10 14:51:34.219 | INFO     | __main__:kzz_trade:67 - =====================================================================================
2023-05-10 14:51:34.220 | INFO     | __main__:kzz_trade:68 - 开始交易，当前kzz实时行情信息:
Pandas(Index=12, 债券代码='118013', 债券名称='道通转债', 涨跌幅=3.01, 最新价=125.27, 最高=125.27, 最低=121.2, 今开=121.78, 涨跌额=3.664, 换手率=6.64, 量比=1.12, 动态市盈率='-', 成交量=85007, 成交额=105468861.0, 昨日收盘=121.606, 总市值='-', 流通市值=1603330104, 行情ID='1.118013', 市场类型='沪A', 更新时间='2023-05-10 14:51:32', 最新交易日='2023-05-10')
2023-05-10 14:51:38.318 | INFO     | __main__:kzz_trade:70 - 交易完成！
2023-05-10 14:51:38.319 | INFO     | __main__:kzz_trade:73 - 通知：在[2023-05-10 14:51:38.319696]时委托下单，以市价[125.27][3.01]涨幅买入[道通转债][118013]股票[80]手
2023-05-10 14:51:38.587 | INFO     | message:send_dingding_msg:44 - 发送钉钉消息成功,结果：{"errcode":0,"errmsg":"ok"}
2023-05-10 14:51:38.587 | INFO     | __main__:kzz_trade:75 - =====================================================================================
2023-05-10 14:58:03.023 | INFO     | util.date_util:in_trading_time:23 - 当前时间不在合法的交易时间内，请稍后再试
2023-05-10 15:58:03.459 | INFO     | util.date_util:in_trading_time:23 - 当前时间不在合法的交易时间内，请稍后再试
