2023-05-10 23:54:04.661 | INFO     | ths_trader:__init__:51 - 进入同花顺__网上股票交易系统5.0
2023-05-10 23:54:04.663 | INFO     | ths_trader:__init__:54 - 交易应用已存在,准备开始交易
2023-05-10 23:54:07.680 | INFO     | __main__:sell_kzz:122 - ************************************************************************************
2023-05-10 23:54:07.680 | INFO     | __main__:sell_kzz:123 - 开始交易，当前kzz实时行情信息:
Pandas(Index=23, 债券代码='123067', 债券名称='斯莱转债', 涨跌幅=2.16, 最新价=143.741, 最高=145.4, 最低=140.001, 今开=140.25, 涨跌额=3.043, 换手率=24.79, 量比=1.75, 动态市盈率='-', 成交量=59364, 成交额=84807889.225, 昨日收盘=140.698, 总市值=344213123, 流通市值=344213123, 行情ID='0.123067', 市场类型='深A', 更新时间='2023-05-10 15:34:18', 最新交易日='2023-05-10')
2023-05-10 23:54:11.550 | INFO     | __main__:sell_kzz:125 - 交易完成！
2023-05-10 23:54:11.552 | ERROR    | __main__:<module>:150 - Traceback (most recent call last):
  File "D:\code\azuma\trade\kzz_fast_v2.py", line 147, in <module>
    sell_kzz(ths_trader, kzz_top)
  File "D:\code\azuma\trade\kzz_fast_v2.py", line 126, in sell_kzz
    add_sold_stock(sold)
  File "D:\code\azuma\trade\kzz_fast_v2.py", line 99, in add_sold_stock
    sold.add(sybmol)
TypeError: unhashable type: 'set'

2023-05-10 23:54:23.741 | INFO     | __main__:sell_kzz:122 - ************************************************************************************
2023-05-10 23:54:23.741 | INFO     | __main__:sell_kzz:123 - 开始交易，当前kzz实时行情信息:
Pandas(Index=23, 债券代码='123067', 债券名称='斯莱转债', 涨跌幅=2.16, 最新价=143.741, 最高=145.4, 最低=140.001, 今开=140.25, 涨跌额=3.043, 换手率=24.79, 量比=1.75, 动态市盈率='-', 成交量=59364, 成交额=84807889.225, 昨日收盘=140.698, 总市值=344213123, 流通市值=344213123, 行情ID='0.123067', 市场类型='深A', 更新时间='2023-05-10 15:34:18', 最新交易日='2023-05-10')
2023-05-10 23:54:28.581 | INFO     | __main__:sell_kzz:125 - 交易完成！
2023-05-10 23:54:28.582 | ERROR    | __main__:<module>:150 - Traceback (most recent call last):
  File "D:\code\azuma\trade\kzz_fast_v2.py", line 147, in <module>
    sell_kzz(ths_trader, kzz_top)
  File "D:\code\azuma\trade\kzz_fast_v2.py", line 126, in sell_kzz
    add_sold_stock(sold)
  File "D:\code\azuma\trade\kzz_fast_v2.py", line 99, in add_sold_stock
    sold.add(sybmol)
TypeError: unhashable type: 'set'

