2023-05-11 23:31:05.360 | INFO     | ths_trader:__init__:51 - 进入同花顺__网上股票交易系统5.0
2023-05-11 23:31:05.362 | INFO     | ths_trader:__init__:54 - 交易应用已存在,准备开始交易
2023-05-11 23:31:06.087 | ERROR    | __main__:<module>:132 - Traceback (most recent call last):
  File "D:\code\azuma\trade\kzz_fast_v2.py", line 128, in <module>
    buy_kzz(ths_trader, kzz_top[:10].copy())
  File "D:\code\azuma\trade\kzz_fast_v2.py", line 63, in buy_kzz
    if is_start_trade(latest_price, change, high, name, symbol, debug):
  File "D:\code\azuma\trade\kzz_fast_v2.py", line 105, in is_start_trade
    return (3.3 < change < 5.5) and (not name.startswith("N")) and (not bought.get_stock().__contains__(symbol))
  File "D:\code\azuma\trade\storage.py", line 37, in get_stock
    with open(self.file_name, "r") as file:
FileNotFoundError: [Errno 2] No such file or directory: '../record/2023-05-11/bought.csv'

2023-05-11 23:31:16.258 | ERROR    | __main__:<module>:132 - Traceback (most recent call last):
  File "D:\code\azuma\trade\kzz_fast_v2.py", line 128, in <module>
    buy_kzz(ths_trader, kzz_top[:10].copy())
  File "D:\code\azuma\trade\kzz_fast_v2.py", line 63, in buy_kzz
    if is_start_trade(latest_price, change, high, name, symbol, debug):
  File "D:\code\azuma\trade\kzz_fast_v2.py", line 105, in is_start_trade
    return (3.3 < change < 5.5) and (not name.startswith("N")) and (not bought.get_stock().__contains__(symbol))
  File "D:\code\azuma\trade\storage.py", line 37, in get_stock
    with open(self.file_name, "r") as file:
FileNotFoundError: [Errno 2] No such file or directory: '../record/2023-05-11/bought.csv'

2023-05-11 23:31:26.421 | ERROR    | __main__:<module>:132 - Traceback (most recent call last):
  File "D:\code\azuma\trade\kzz_fast_v2.py", line 128, in <module>
    buy_kzz(ths_trader, kzz_top[:10].copy())
  File "D:\code\azuma\trade\kzz_fast_v2.py", line 63, in buy_kzz
    if is_start_trade(latest_price, change, high, name, symbol, debug):
  File "D:\code\azuma\trade\kzz_fast_v2.py", line 105, in is_start_trade
    return (3.3 < change < 5.5) and (not name.startswith("N")) and (not bought.get_stock().__contains__(symbol))
  File "D:\code\azuma\trade\storage.py", line 37, in get_stock
    with open(self.file_name, "r") as file:
FileNotFoundError: [Errno 2] No such file or directory: '../record/2023-05-11/bought.csv'

2023-05-11 23:31:36.582 | ERROR    | __main__:<module>:132 - Traceback (most recent call last):
  File "D:\code\azuma\trade\kzz_fast_v2.py", line 128, in <module>
    buy_kzz(ths_trader, kzz_top[:10].copy())
  File "D:\code\azuma\trade\kzz_fast_v2.py", line 63, in buy_kzz
    if is_start_trade(latest_price, change, high, name, symbol, debug):
  File "D:\code\azuma\trade\kzz_fast_v2.py", line 105, in is_start_trade
    return (3.3 < change < 5.5) and (not name.startswith("N")) and (not bought.get_stock().__contains__(symbol))
  File "D:\code\azuma\trade\storage.py", line 37, in get_stock
    with open(self.file_name, "r") as file:
FileNotFoundError: [Errno 2] No such file or directory: '../record/2023-05-11/bought.csv'

2023-05-11 23:31:47.043 | ERROR    | __main__:<module>:132 - Traceback (most recent call last):
  File "D:\code\azuma\trade\kzz_fast_v2.py", line 128, in <module>
    buy_kzz(ths_trader, kzz_top[:10].copy())
  File "D:\code\azuma\trade\kzz_fast_v2.py", line 63, in buy_kzz
    if is_start_trade(latest_price, change, high, name, symbol, debug):
  File "D:\code\azuma\trade\kzz_fast_v2.py", line 105, in is_start_trade
    return (3.3 < change < 5.5) and (not name.startswith("N")) and (not bought.get_stock().__contains__(symbol))
  File "D:\code\azuma\trade\storage.py", line 37, in get_stock
    with open(self.file_name, "r") as file:
FileNotFoundError: [Errno 2] No such file or directory: '../record/2023-05-11/bought.csv'

2023-05-11 23:31:57.207 | ERROR    | __main__:<module>:132 - Traceback (most recent call last):
  File "D:\code\azuma\trade\kzz_fast_v2.py", line 128, in <module>
    buy_kzz(ths_trader, kzz_top[:10].copy())
  File "D:\code\azuma\trade\kzz_fast_v2.py", line 63, in buy_kzz
    if is_start_trade(latest_price, change, high, name, symbol, debug):
  File "D:\code\azuma\trade\kzz_fast_v2.py", line 105, in is_start_trade
    return (3.3 < change < 5.5) and (not name.startswith("N")) and (not bought.get_stock().__contains__(symbol))
  File "D:\code\azuma\trade\storage.py", line 37, in get_stock
    with open(self.file_name, "r") as file:
FileNotFoundError: [Errno 2] No such file or directory: '../record/2023-05-11/bought.csv'

2023-05-11 23:32:07.361 | ERROR    | __main__:<module>:132 - Traceback (most recent call last):
  File "D:\code\azuma\trade\kzz_fast_v2.py", line 128, in <module>
    buy_kzz(ths_trader, kzz_top[:10].copy())
  File "D:\code\azuma\trade\kzz_fast_v2.py", line 63, in buy_kzz
    if is_start_trade(latest_price, change, high, name, symbol, debug):
  File "D:\code\azuma\trade\kzz_fast_v2.py", line 105, in is_start_trade
    return (3.3 < change < 5.5) and (not name.startswith("N")) and (not bought.get_stock().__contains__(symbol))
  File "D:\code\azuma\trade\storage.py", line 37, in get_stock
FileNotFoundError: [Errno 2] No such file or directory: '../record/2023-05-11/bought.csv'

2023-05-11 23:32:17.530 | ERROR    | __main__:<module>:132 - Traceback (most recent call last):
  File "D:\code\azuma\trade\kzz_fast_v2.py", line 128, in <module>
    buy_kzz(ths_trader, kzz_top[:10].copy())
  File "D:\code\azuma\trade\kzz_fast_v2.py", line 63, in buy_kzz
    if is_start_trade(latest_price, change, high, name, symbol, debug):
  File "D:\code\azuma\trade\kzz_fast_v2.py", line 105, in is_start_trade
    return (3.3 < change < 5.5) and (not name.startswith("N")) and (not bought.get_stock().__contains__(symbol))
  File "D:\code\azuma\trade\storage.py", line 37, in get_stock
FileNotFoundError: [Errno 2] No such file or directory: '../record/2023-05-11/bought.csv'

2023-05-11 23:32:27.704 | ERROR    | __main__:<module>:132 - Traceback (most recent call last):
  File "D:\code\azuma\trade\kzz_fast_v2.py", line 128, in <module>
    buy_kzz(ths_trader, kzz_top[:10].copy())
  File "D:\code\azuma\trade\kzz_fast_v2.py", line 63, in buy_kzz
    if is_start_trade(latest_price, change, high, name, symbol, debug):
  File "D:\code\azuma\trade\kzz_fast_v2.py", line 105, in is_start_trade
    return (3.3 < change < 5.5) and (not name.startswith("N")) and (not bought.get_stock().__contains__(symbol))
  File "D:\code\azuma\trade\storage.py", line 37, in get_stock
FileNotFoundError: [Errno 2] No such file or directory: '../record/2023-05-11/bought.csv'

2023-05-11 23:32:37.876 | ERROR    | __main__:<module>:132 - Traceback (most recent call last):
  File "D:\code\azuma\trade\kzz_fast_v2.py", line 128, in <module>
    buy_kzz(ths_trader, kzz_top[:10].copy())
  File "D:\code\azuma\trade\kzz_fast_v2.py", line 63, in buy_kzz
    if is_start_trade(latest_price, change, high, name, symbol, debug):
  File "D:\code\azuma\trade\kzz_fast_v2.py", line 105, in is_start_trade
    return (3.3 < change < 5.5) and (not name.startswith("N")) and (not bought.get_stock().__contains__(symbol))
  File "D:\code\azuma\trade\storage.py", line 37, in get_stock
FileNotFoundError: [Errno 2] No such file or directory: '../record/2023-05-11/bought.csv'

2023-05-11 23:32:48.034 | ERROR    | __main__:<module>:132 - Traceback (most recent call last):
  File "D:\code\azuma\trade\kzz_fast_v2.py", line 128, in <module>
    buy_kzz(ths_trader, kzz_top[:10].copy())
  File "D:\code\azuma\trade\kzz_fast_v2.py", line 63, in buy_kzz
    if is_start_trade(latest_price, change, high, name, symbol, debug):
  File "D:\code\azuma\trade\kzz_fast_v2.py", line 105, in is_start_trade
    return (3.3 < change < 5.5) and (not name.startswith("N")) and (not bought.get_stock().__contains__(symbol))
  File "D:\code\azuma\trade\storage.py", line 37, in get_stock
FileNotFoundError: [Errno 2] No such file or directory: '../record/2023-05-11/bought.csv'

2023-05-11 23:32:58.199 | ERROR    | __main__:<module>:132 - Traceback (most recent call last):
  File "D:\code\azuma\trade\kzz_fast_v2.py", line 128, in <module>
    buy_kzz(ths_trader, kzz_top[:10].copy())
  File "D:\code\azuma\trade\kzz_fast_v2.py", line 63, in buy_kzz
    if is_start_trade(latest_price, change, high, name, symbol, debug):
  File "D:\code\azuma\trade\kzz_fast_v2.py", line 105, in is_start_trade
    return (3.3 < change < 5.5) and (not name.startswith("N")) and (not bought.get_stock().__contains__(symbol))
  File "D:\code\azuma\trade\storage.py", line 37, in get_stock
FileNotFoundError: [Errno 2] No such file or directory: '../record/2023-05-11/bought.csv'

2023-05-11 23:33:08.362 | ERROR    | __main__:<module>:132 - Traceback (most recent call last):
  File "D:\code\azuma\trade\kzz_fast_v2.py", line 128, in <module>
    buy_kzz(ths_trader, kzz_top[:10].copy())
  File "D:\code\azuma\trade\kzz_fast_v2.py", line 63, in buy_kzz
    if is_start_trade(latest_price, change, high, name, symbol, debug):
  File "D:\code\azuma\trade\kzz_fast_v2.py", line 105, in is_start_trade
    return (3.3 < change < 5.5) and (not name.startswith("N")) and (not bought.get_stock().__contains__(symbol))
  File "D:\code\azuma\trade\storage.py", line 37, in get_stock
FileNotFoundError: [Errno 2] No such file or directory: '../record/2023-05-11/bought.csv'

2023-05-11 23:33:18.525 | ERROR    | __main__:<module>:132 - Traceback (most recent call last):
  File "D:\code\azuma\trade\kzz_fast_v2.py", line 128, in <module>
    buy_kzz(ths_trader, kzz_top[:10].copy())
  File "D:\code\azuma\trade\kzz_fast_v2.py", line 63, in buy_kzz
    if is_start_trade(latest_price, change, high, name, symbol, debug):
  File "D:\code\azuma\trade\kzz_fast_v2.py", line 105, in is_start_trade
    return (3.3 < change < 5.5) and (not name.startswith("N")) and (not bought.get_stock().__contains__(symbol))
  File "D:\code\azuma\trade\storage.py", line 37, in get_stock
FileNotFoundError: [Errno 2] No such file or directory: '../record/2023-05-11/bought.csv'

2023-05-11 23:33:28.683 | ERROR    | __main__:<module>:132 - Traceback (most recent call last):
  File "D:\code\azuma\trade\kzz_fast_v2.py", line 128, in <module>
    buy_kzz(ths_trader, kzz_top[:10].copy())
  File "D:\code\azuma\trade\kzz_fast_v2.py", line 63, in buy_kzz
    if is_start_trade(latest_price, change, high, name, symbol, debug):
  File "D:\code\azuma\trade\kzz_fast_v2.py", line 105, in is_start_trade
    return (3.3 < change < 5.5) and (not name.startswith("N")) and (not bought.get_stock().__contains__(symbol))
  File "D:\code\azuma\trade\storage.py", line 37, in get_stock
FileNotFoundError: [Errno 2] No such file or directory: '../record/2023-05-11/bought.csv'

2023-05-11 23:33:38.846 | ERROR    | __main__:<module>:132 - Traceback (most recent call last):
  File "D:\code\azuma\trade\kzz_fast_v2.py", line 128, in <module>
    buy_kzz(ths_trader, kzz_top[:10].copy())
  File "D:\code\azuma\trade\kzz_fast_v2.py", line 63, in buy_kzz
    if is_start_trade(latest_price, change, high, name, symbol, debug):
  File "D:\code\azuma\trade\kzz_fast_v2.py", line 105, in is_start_trade
    return (3.3 < change < 5.5) and (not name.startswith("N")) and (not bought.get_stock().__contains__(symbol))
  File "D:\code\azuma\trade\storage.py", line 37, in get_stock
FileNotFoundError: [Errno 2] No such file or directory: '../record/2023-05-11/bought.csv'

2023-05-11 23:33:48.999 | ERROR    | __main__:<module>:132 - Traceback (most recent call last):
  File "D:\code\azuma\trade\kzz_fast_v2.py", line 128, in <module>
    buy_kzz(ths_trader, kzz_top[:10].copy())
  File "D:\code\azuma\trade\kzz_fast_v2.py", line 63, in buy_kzz
    if is_start_trade(latest_price, change, high, name, symbol, debug):
  File "D:\code\azuma\trade\kzz_fast_v2.py", line 105, in is_start_trade
    return (3.3 < change < 5.5) and (not name.startswith("N")) and (not bought.get_stock().__contains__(symbol))
  File "D:\code\azuma\trade\storage.py", line 37, in get_stock
FileNotFoundError: [Errno 2] No such file or directory: '../record/2023-05-11/bought.csv'

2023-05-11 23:33:59.164 | ERROR    | __main__:<module>:132 - Traceback (most recent call last):
  File "D:\code\azuma\trade\kzz_fast_v2.py", line 128, in <module>
    buy_kzz(ths_trader, kzz_top[:10].copy())
  File "D:\code\azuma\trade\kzz_fast_v2.py", line 63, in buy_kzz
    if is_start_trade(latest_price, change, high, name, symbol, debug):
  File "D:\code\azuma\trade\kzz_fast_v2.py", line 105, in is_start_trade
    return (3.3 < change < 5.5) and (not name.startswith("N")) and (not bought.get_stock().__contains__(symbol))
  File "D:\code\azuma\trade\storage.py", line 37, in get_stock
FileNotFoundError: [Errno 2] No such file or directory: '../record/2023-05-11/bought.csv'

